# JRE version: Java(TM) SE Runtime Environment (8.0_111-b14) (build 1.8.0_111-b14)
# Java VM: Java HotSpot(TM) 64-Bit Server VM (25.111-b14 mixed mode windows-amd64 compressed oops)
Heap:
 PSYoungGen      total 386560K, used 209843K [0x0000000780980000, 0x00000007a4c00000, 0x00000007c0000000)
  eden space 363520K, 57% used [0x0000000780980000,0x000000078d66ce18,0x0000000796c80000)
  from space 23040K, 0% used [0x0000000796c80000,0x0000000796c80000,0x0000000798300000)
  to   space 22016K, 0% used [0x00000007a3680000,0x00000007a3680000,0x00000007a4c00000)
 ParOldGen       total 132608K, used 39761K [0x0000000701c00000, 0x0000000709d80000, 0x0000000780980000)
  object space 132608K, 29% used [0x0000000701c00000,0x00000007042d44a8,0x0000000709d80000)
 Metaspace       used 41535K, capacity 41997K, committed 42368K, reserved 1085440K
  class space    used 5611K, capacity 5755K, committed 5760K, reserved 1048576K
GC Heap History (10 events):
Event: 48.482 GC heap before
{Heap before GC invocations=7 (full 1):
 PSYoungGen      total 219648K, used 9573K [0x0000000780980000, 0x000000078f880000, 0x00000007c0000000)
  eden space 196608K, 0% used [0x0000000780980000,0x0000000780980000,0x000000078c980000)
  from space 23040K, 41% used [0x000000078e200000,0x000000078eb595b8,0x000000078f880000)
  to   space 24064K, 0% used [0x000000078c980000,0x000000078c980000,0x000000078e100000)
 ParOldGen       total 131072K, used 29590K [0x0000000701c00000, 0x0000000709c00000, 0x0000000780980000)
  object space 131072K, 22% used [0x0000000701c00000,0x00000007038e58b0,0x0000000709c00000)
 Metaspace       used 20871K, capacity 21082K, committed 21248K, reserved 1067008K
  class space    used 2744K, capacity 2806K, committed 2816K, reserved 1048576K
Event: 48.674 GC heap after
Heap after GC invocations=7 (full 1):
 PSYoungGen      total 219648K, used 0K [0x0000000780980000, 0x000000078f880000, 0x00000007c0000000)
  eden space 196608K, 0% used [0x0000000780980000,0x0000000780980000,0x000000078c980000)
  from space 23040K, 0% used [0x000000078e200000,0x000000078e200000,0x000000078f880000)
  to   space 24064K, 0% used [0x000000078c980000,0x000000078c980000,0x000000078e100000)
 ParOldGen       total 106496K, used 36006K [0x0000000701c00000, 0x0000000708400000, 0x0000000780980000)
  object space 106496K, 33% used [0x0000000701c00000,0x0000000703f29a78,0x0000000708400000)
 Metaspace       used 20871K, capacity 21082K, committed 21248K, reserved 1067008K
  class space    used 2744K, capacity 2806K, committed 2816K, reserved 1048576K
}
Event: 50.821 GC heap before
{Heap before GC invocations=8 (full 1):
 PSYoungGen      total 219648K, used 196608K [0x0000000780980000, 0x000000078f880000, 0x00000007c0000000)
  eden space 196608K, 100% used [0x0000000780980000,0x000000078c980000,0x000000078c980000)
  from space 23040K, 0% used [0x000000078e200000,0x000000078e200000,0x000000078f880000)
  to   space 24064K, 0% used [0x000000078c980000,0x000000078c980000,0x000000078e100000)
 ParOldGen       total 106496K, used 36006K [0x0000000701c00000, 0x0000000708400000, 0x0000000780980000)
  object space 106496K, 33% used [0x0000000701c00000,0x0000000703f29a78,0x0000000708400000)
 Metaspace       used 27034K, capacity 27252K, committed 27648K, reserved 1073152K
  class space    used 3699K, capacity 3775K, committed 3840K, reserved 1048576K
Event: 50.830 GC heap after
Heap after GC invocations=8 (full 1):
 PSYoungGen      total 220672K, used 8678K [0x0000000780980000, 0x0000000799e80000, 0x00000007c0000000)
  eden space 196608K, 0% used [0x0000000780980000,0x0000000780980000,0x000000078c980000)
  from space 24064K, 36% used [0x000000078c980000,0x000000078d1f9b58,0x000000078e100000)
  to   space 23552K, 0% used [0x0000000798780000,0x0000000798780000,0x0000000799e80000)
 ParOldGen       total 106496K, used 36014K [0x0000000701c00000, 0x0000000708400000, 0x0000000780980000)
  object space 106496K, 33% used [0x0000000701c00000,0x0000000703f2ba78,0x0000000708400000)
 Metaspace       used 27034K, capacity 27252K, committed 27648K, reserved 1073152K
  class space    used 3699K, capacity 3775K, committed 3840K, reserved 1048576K
}
Event: 52.038 GC heap before
{Heap before GC invocations=9 (full 1):
 PSYoungGen      total 220672K, used 205286K [0x0000000780980000, 0x0000000799e80000, 0x00000007c0000000)
  eden space 196608K, 100% used [0x0000000780980000,0x000000078c980000,0x000000078c980000)
  from space 24064K, 36% used [0x000000078c980000,0x000000078d1f9b58,0x000000078e100000)
  to   space 23552K, 0% used [0x0000000798780000,0x0000000798780000,0x0000000799e80000)
 ParOldGen       total 106496K, used 36014K [0x0000000701c00000, 0x0000000708400000, 0x0000000780980000)
  object space 106496K, 33% used [0x0000000701c00000,0x0000000703f2ba78,0x0000000708400000)
 Metaspace       used 31510K, capacity 31821K, committed 32256K, reserved 1077248K
  class space    used 4228K, capacity 4328K, committed 4352K, reserved 1048576K
Event: 52.049 GC heap after
Heap after GC invocations=9 (full 1):
 PSYoungGen      total 381952K, used 10116K [0x0000000780980000, 0x0000000799980000, 0x00000007c0000000)
  eden space 363520K, 0% used [0x0000000780980000,0x0000000780980000,0x0000000796c80000)
  from space 18432K, 54% used [0x0000000798780000,0x0000000799161038,0x0000000799980000)
  to   space 23040K, 0% used [0x0000000796c80000,0x0000000796c80000,0x0000000798300000)
 ParOldGen       total 106496K, used 36022K [0x0000000701c00000, 0x0000000708400000, 0x0000000780980000)
  object space 106496K, 33% used [0x0000000701c00000,0x0000000703f2da78,0x0000000708400000)
 Metaspace       used 31510K, capacity 31821K, committed 32256K, reserved 1077248K
  class space    used 4228K, capacity 4328K, committed 4352K, reserved 1048576K
}
Event: 52.501 GC heap before
{Heap before GC invocations=10 (full 1):
 PSYoungGen      total 381952K, used 93832K [0x0000000780980000, 0x0000000799980000, 0x00000007c0000000)
  eden space 363520K, 23% used [0x0000000780980000,0x0000000785b41268,0x0000000796c80000)
  from space 18432K, 54% used [0x0000000798780000,0x0000000799161038,0x0000000799980000)
  to   space 23040K, 0% used [0x0000000796c80000,0x0000000796c80000,0x0000000798300000)
 ParOldGen       total 106496K, used 36022K [0x0000000701c00000, 0x0000000708400000, 0x0000000780980000)
  object space 106496K, 33% used [0x0000000701c00000,0x0000000703f2da78,0x0000000708400000)
 Metaspace       used 34769K, capacity 35145K, committed 35416K, reserved 1079296K
  class space    used 4678K, capacity 4818K, committed 4864K, reserved 1048576K
Event: 52.512 GC heap after
Heap after GC invocations=10 (full 1):
 PSYoungGen      total 386560K, used 10346K [0x0000000780980000, 0x00000007a4c00000, 0x00000007c0000000)
  eden space 363520K, 0% used [0x0000000780980000,0x0000000780980000,0x0000000796c80000)
  from space 23040K, 44% used [0x0000000796c80000,0x000000079769aa98,0x0000000798300000)
  to   space 22016K, 0% used [0x00000007a3680000,0x00000007a3680000,0x00000007a4c00000)
 ParOldGen       total 106496K, used 36030K [0x0000000701c00000, 0x0000000708400000, 0x0000000780980000)
  object space 106496K, 33% used [0x0000000701c00000,0x0000000703f2fa78,0x0000000708400000)
 Metaspace       used 34769K, capacity 35145K, committed 35416K, reserved 1079296K
  class space    used 4678K, capacity 4818K, committed 4864K, reserved 1048576K
}
Event: 52.512 GC heap before
{Heap before GC invocations=11 (full 2):
 PSYoungGen      total 386560K, used 10346K [0x0000000780980000, 0x00000007a4c00000, 0x00000007c0000000)
  eden space 363520K, 0% used [0x0000000780980000,0x0000000780980000,0x0000000796c80000)
  from space 23040K, 44% used [0x0000000796c80000,0x000000079769aa98,0x0000000798300000)
  to   space 22016K, 0% used [0x00000007a3680000,0x00000007a3680000,0x00000007a4c00000)
 ParOldGen       total 106496K, used 36030K [0x0000000701c00000, 0x0000000708400000, 0x0000000780980000)
  object space 106496K, 33% used [0x0000000701c00000,0x0000000703f2fa78,0x0000000708400000)
 Metaspace       used 34769K, capacity 35145K, committed 35416K, reserved 1079296K
  class space    used 4678K, capacity 4818K, committed 4864K, reserved 1048576K
Event: 52.632 GC heap after
Heap after GC invocations=11 (full 2):
 PSYoungGen      total 386560K, used 0K [0x0000000780980000, 0x00000007a4c00000, 0x00000007c0000000)
  eden space 363520K, 0% used [0x0000000780980000,0x0000000780980000,0x0000000796c80000)
  from space 23040K, 0% used [0x0000000796c80000,0x0000000796c80000,0x0000000798300000)
  to   space 22016K, 0% used [0x00000007a3680000,0x00000007a3680000,0x00000007a4c00000)
 ParOldGen       total 132608K, used 39761K [0x0000000701c00000, 0x0000000709d80000, 0x0000000780980000)
  object space 132608K, 29% used [0x0000000701c00000,0x00000007042d44a8,0x0000000709d80000)
 Metaspace       used 34769K, capacity 35145K, committed 35416K, reserved 1079296K
  class space    used 4678K, capacity 4818K, committed 4864K, reserved 1048576K
}

